<?xml version="1.0" encoding="UTF-8"?>
<!-- Generated by org.testng.reporters.JUnitXMLReporter -->
<testsuite ignored="0" hostname="Teja" failures="2" tests="6" name="Test" time="0.155" errors="0" timestamp="28 Jul 2018 13:07:33 GMT">
  <testcase classname="maven7.maven7.jay2" name="Tc_1" time="0.026"/>
  <testcase classname="maven7.maven7.jay2" name="Tc_2" time="0.004"/>
  <testcase classname="maven7.maven7.jay2" name="Tc_3" time="0.004">
    <failure type="java.lang.AssertionError" message="expected [true] but found [false]">
      <![CDATA[java.lang.AssertionError: expected [true] but found [false]
at maven7.maven7.jay2.Tc_3(jay2.java:21)
... Removed 29 stack frames]]>
    </failure>
  </testcase> <!-- Tc_3 -->
  <testcase classname="maven7.maven7.jay" name="Tc_4" time="0.003"/>
  <testcase classname="maven7.maven7.jay" name="Tc_5" time="0.003"/>
  <testcase classname="maven7.maven7.jay" name="Tc_6" time="0.002">
    <failure type="java.lang.AssertionError" message="expected [true] but found [false]">
      <![CDATA[java.lang.AssertionError: expected [true] but found [false]
at maven7.maven7.jay.Tc_6(jay.java:21)
... Removed 29 stack frames]]>
    </failure>
  </testcase> <!-- Tc_6 -->
</testsuite> <!-- Test -->
